# JRE version: OpenJDK Runtime Environment (17.0.6) (build 17.0.6+0-b2043.56-10027231)
# Java VM: OpenJDK 64-Bit Server VM (17.0.6+0-b2043.56-10027231, mixed mode, tiered, compressed oops, compressed class ptrs, g1 gc, windows-amd64)
GC Precious Log:
 CPUs: 8 total, 8 available
 Memory: 3446M
 Large Page Support: Disabled
 NUMA Support: Disabled
 Compressed Oops: Enabled (32-bit)
 Heap Region Size: 1M
 Heap Min Capacity: 8M
 Heap Initial Capacity: 54M
 Heap Max Capacity: 2G
 Pre-touch: Disabled
 Parallel Workers: 8
 Concurrent Workers: 2
 Concurrent Refinement Workers: 8
 Periodic GC: Disabled
Heap:
 garbage-first heap   total 292864K, used 129696K [0x0000000080000000, 0x0000000100000000)
  region size 1024K, 2 young (2048K), 2 survivors (2048K)
 Metaspace       used 134423K, committed 135296K, reserved 1171456K
  class space    used 17775K, committed 18176K, reserved 1048576K
GC Heap History (20 events):
Event: 38.795 GC heap after
{Heap after GC invocations=64 (full 0):
 garbage-first heap   total 292864K, used 95395K [0x0000000080000000, 0x0000000100000000)
  region size 1024K, 2 young (2048K), 2 survivors (2048K)
 Metaspace       used 103593K, committed 104256K, reserved 1138688K
  class space    used 13986K, committed 14336K, reserved 1048576K
}
Event: 41.685 GC heap before
{Heap before GC invocations=64 (full 0):
 garbage-first heap   total 292864K, used 226467K [0x0000000080000000, 0x0000000100000000)
  region size 1024K, 130 young (133120K), 2 survivors (2048K)
 Metaspace       used 116693K, committed 117376K, reserved 1155072K
  class space    used 16028K, committed 16384K, reserved 1048576K
}
Event: 41.707 GC heap after
{Heap after GC invocations=65 (full 0):
 garbage-first heap   total 292864K, used 107911K [0x0000000080000000, 0x0000000100000000)
  region size 1024K, 14 young (14336K), 14 survivors (14336K)
 Metaspace       used 116693K, committed 117376K, reserved 1155072K
  class space    used 16028K, committed 16384K, reserved 1048576K
}
Event: 42.735 GC heap before
{Heap before GC invocations=65 (full 0):
 garbage-first heap   total 292864K, used 124295K [0x0000000080000000, 0x0000000100000000)
  region size 1024K, 31 young (31744K), 14 survivors (14336K)
 Metaspace       used 118209K, committed 118976K, reserved 1155072K
  class space    used 16220K, committed 16576K, reserved 1048576K
}
Event: 42.765 GC heap after
{Heap after GC invocations=66 (full 0):
 garbage-first heap   total 292864K, used 104152K [0x0000000080000000, 0x0000000100000000)
  region size 1024K, 2 young (2048K), 2 survivors (2048K)
 Metaspace       used 118209K, committed 118976K, reserved 1155072K
  class space    used 16220K, committed 16576K, reserved 1048576K
}
Event: 123.695 GC heap before
{Heap before GC invocations=67 (full 0):
 garbage-first heap   total 292864K, used 265944K [0x0000000080000000, 0x0000000100000000)
  region size 1024K, 131 young (134144K), 2 survivors (2048K)
 Metaspace       used 126442K, committed 127296K, reserved 1163264K
  class space    used 17029K, committed 17472K, reserved 1048576K
}
Event: 123.925 GC heap after
{Heap after GC invocations=68 (full 0):
 garbage-first heap   total 292864K, used 113655K [0x0000000080000000, 0x0000000100000000)
  region size 1024K, 12 young (12288K), 12 survivors (12288K)
 Metaspace       used 126442K, committed 127296K, reserved 1163264K
  class space    used 17029K, committed 17472K, reserved 1048576K
}
Event: 124.088 GC heap before
{Heap before GC invocations=68 (full 0):
 garbage-first heap   total 292864K, used 115703K [0x0000000080000000, 0x0000000100000000)
  region size 1024K, 14 young (14336K), 12 survivors (12288K)
 Metaspace       used 126442K, committed 127296K, reserved 1163264K
  class space    used 17029K, committed 17472K, reserved 1048576K
}
Event: 124.160 GC heap after
{Heap after GC invocations=69 (full 0):
 garbage-first heap   total 292864K, used 114508K [0x0000000080000000, 0x0000000100000000)
  region size 1024K, 2 young (2048K), 2 survivors (2048K)
 Metaspace       used 126442K, committed 127296K, reserved 1163264K
  class space    used 17029K, committed 17472K, reserved 1048576K
}
Event: 127.876 GC heap before
{Heap before GC invocations=69 (full 0):
 garbage-first heap   total 292864K, used 160588K [0x0000000080000000, 0x0000000100000000)
  region size 1024K, 49 young (50176K), 2 survivors (2048K)
 Metaspace       used 128016K, committed 128896K, reserved 1163264K
  class space    used 17197K, committed 17664K, reserved 1048576K
}
Event: 127.909 GC heap after
{Heap after GC invocations=70 (full 0):
 garbage-first heap   total 292864K, used 122921K [0x0000000080000000, 0x0000000100000000)
  region size 1024K, 10 young (10240K), 10 survivors (10240K)
 Metaspace       used 128016K, committed 128896K, reserved 1163264K
  class space    used 17197K, committed 17664K, reserved 1048576K
}
Event: 132.780 GC heap before
{Heap before GC invocations=71 (full 0):
 garbage-first heap   total 292864K, used 265257K [0x0000000080000000, 0x0000000100000000)
  region size 1024K, 117 young (119808K), 10 survivors (10240K)
 Metaspace       used 129197K, committed 129984K, reserved 1163264K
  class space    used 17281K, committed 17664K, reserved 1048576K
}
Event: 132.828 GC heap after
{Heap after GC invocations=72 (full 0):
 garbage-first heap   total 292864K, used 120512K [0x0000000080000000, 0x0000000100000000)
  region size 1024K, 7 young (7168K), 7 survivors (7168K)
 Metaspace       used 129197K, committed 129984K, reserved 1163264K
  class space    used 17281K, committed 17664K, reserved 1048576K
}
Event: 132.913 GC heap before
{Heap before GC invocations=72 (full 0):
 garbage-first heap   total 292864K, used 127680K [0x0000000080000000, 0x0000000100000000)
  region size 1024K, 14 young (14336K), 7 survivors (7168K)
 Metaspace       used 129843K, committed 130688K, reserved 1163264K
  class space    used 17341K, committed 17728K, reserved 1048576K
}
Event: 132.937 GC heap after
{Heap after GC invocations=73 (full 0):
 garbage-first heap   total 292864K, used 115439K [0x0000000080000000, 0x0000000100000000)
  region size 1024K, 2 young (2048K), 2 survivors (2048K)
 Metaspace       used 129843K, committed 130688K, reserved 1163264K
  class space    used 17341K, committed 17728K, reserved 1048576K
}
Event: 134.638 GC heap before
{Heap before GC invocations=73 (full 0):
 garbage-first heap   total 292864K, used 233199K [0x0000000080000000, 0x0000000100000000)
  region size 1024K, 118 young (120832K), 2 survivors (2048K)
 Metaspace       used 133400K, committed 134272K, reserved 1171456K
  class space    used 17642K, committed 18048K, reserved 1048576K
}
Event: 134.651 GC heap after
{Heap after GC invocations=74 (full 0):
 garbage-first heap   total 292864K, used 119731K [0x0000000080000000, 0x0000000100000000)
  region size 1024K, 7 young (7168K), 7 survivors (7168K)
 Metaspace       used 133400K, committed 134272K, reserved 1171456K
  class space    used 17642K, committed 18048K, reserved 1048576K
}
Event: 136.827 GC heap before
{Heap before GC invocations=75 (full 0):
 garbage-first heap   total 292864K, used 235443K [0x0000000080000000, 0x0000000100000000)
  region size 1024K, 121 young (123904K), 7 survivors (7168K)
 Metaspace       used 134423K, committed 135296K, reserved 1171456K
  class space    used 17775K, committed 18176K, reserved 1048576K
}
Event: 136.892 GC heap after
{Heap after GC invocations=76 (full 0):
 garbage-first heap   total 292864K, used 132556K [0x0000000080000000, 0x0000000100000000)
  region size 1024K, 16 young (16384K), 16 survivors (16384K)
 Metaspace       used 134423K, committed 135296K, reserved 1171456K
  class space    used 17775K, committed 18176K, reserved 1048576K
}
Event: 136.967 GC heap before
{Heap before GC invocations=76 (full 0):
 garbage-first heap   total 292864K, used 133580K [0x0000000080000000, 0x0000000100000000)
  region size 1024K, 17 young (17408K), 16 survivors (16384K)
 Metaspace       used 134423K, committed 135296K, reserved 1171456K
  class space    used 17775K, committed 18176K, reserved 1048576K
}

