# JRE version: OpenJDK Runtime Environment (17.0.6) (build 17.0.6+0-b2043.56-10027231)
# Java VM: OpenJDK 64-Bit Server VM (17.0.6+0-b2043.56-10027231, mixed mode, tiered, compressed oops, compressed class ptrs, g1 gc, windows-amd64)
GC Precious Log:
 CPUs: 8 total, 8 available
 Memory: 3446M
 Large Page Support: Disabled
 NUMA Support: Disabled
 Compressed Oops: Enabled (32-bit)
 Heap Region Size: 1M
 Heap Min Capacity: 8M
 Heap Initial Capacity: 54M
 Heap Max Capacity: 2G
 Pre-touch: Disabled
 Parallel Workers: 8
 Concurrent Workers: 2
 Concurrent Refinement Workers: 8
 Periodic GC: Disabled
Heap:
 garbage-first heap   total 447488K, used 159280K [0x0000000080000000, 0x0000000100000000)
  region size 1024K, 15 young (15360K), 15 survivors (15360K)
 Metaspace       used 117337K, committed 118144K, reserved 1155072K
  class space    used 15924K, committed 16320K, reserved 1048576K
GC Heap History (20 events):
Event: 25.062 GC heap after
{Heap after GC invocations=55 (full 0):
 garbage-first heap   total 196608K, used 85041K [0x0000000080000000, 0x0000000100000000)
  region size 1024K, 5 young (5120K), 5 survivors (5120K)
 Metaspace       used 96559K, committed 97216K, reserved 1138688K
  class space    used 13015K, committed 13312K, reserved 1048576K
}
Event: 26.129 GC heap before
{Heap before GC invocations=55 (full 0):
 garbage-first heap   total 196608K, used 147505K [0x0000000080000000, 0x0000000100000000)
  region size 1024K, 67 young (68608K), 5 survivors (5120K)
 Metaspace       used 97749K, committed 98432K, reserved 1138688K
  class space    used 13161K, committed 13440K, reserved 1048576K
}
Event: 26.153 GC heap after
{Heap after GC invocations=56 (full 0):
 garbage-first heap   total 196608K, used 90035K [0x0000000080000000, 0x0000000100000000)
  region size 1024K, 9 young (9216K), 9 survivors (9216K)
 Metaspace       used 97749K, committed 98432K, reserved 1138688K
  class space    used 13161K, committed 13440K, reserved 1048576K
}
Event: 26.928 GC heap before
{Heap before GC invocations=56 (full 0):
 garbage-first heap   total 196608K, used 152499K [0x0000000080000000, 0x0000000100000000)
  region size 1024K, 71 young (72704K), 9 survivors (9216K)
 Metaspace       used 101406K, committed 102144K, reserved 1138688K
  class space    used 13695K, committed 14080K, reserved 1048576K
}
Event: 26.955 GC heap after
{Heap after GC invocations=57 (full 0):
 garbage-first heap   total 196608K, used 100301K [0x0000000080000000, 0x0000000100000000)
  region size 1024K, 9 young (9216K), 9 survivors (9216K)
 Metaspace       used 101406K, committed 102144K, reserved 1138688K
  class space    used 13695K, committed 14080K, reserved 1048576K
}
Event: 27.749 GC heap before
{Heap before GC invocations=57 (full 0):
 garbage-first heap   total 196608K, used 155597K [0x0000000080000000, 0x0000000100000000)
  region size 1024K, 63 young (64512K), 9 survivors (9216K)
 Metaspace       used 104376K, committed 105152K, reserved 1146880K
  class space    used 14149K, committed 14528K, reserved 1048576K
}
Event: 27.779 GC heap after
{Heap after GC invocations=58 (full 0):
 garbage-first heap   total 447488K, used 110592K [0x0000000080000000, 0x0000000100000000)
  region size 1024K, 8 young (8192K), 8 survivors (8192K)
 Metaspace       used 104376K, committed 105152K, reserved 1146880K
  class space    used 14149K, committed 14528K, reserved 1048576K
}
Event: 30.455 GC heap before
{Heap before GC invocations=59 (full 0):
 garbage-first heap   total 444416K, used 334848K [0x0000000080000000, 0x0000000100000000)
  region size 1024K, 227 young (232448K), 8 survivors (8192K)
 Metaspace       used 112702K, committed 113536K, reserved 1146880K
  class space    used 15479K, committed 15872K, reserved 1048576K
}
Event: 30.638 GC heap after
{Heap after GC invocations=60 (full 0):
 garbage-first heap   total 444416K, used 144282K [0x0000000080000000, 0x0000000100000000)
  region size 1024K, 29 young (29696K), 29 survivors (29696K)
 Metaspace       used 112702K, committed 113536K, reserved 1146880K
  class space    used 15479K, committed 15872K, reserved 1048576K
}
Event: 30.662 GC heap before
{Heap before GC invocations=60 (full 0):
 garbage-first heap   total 444416K, used 145306K [0x0000000080000000, 0x0000000100000000)
  region size 1024K, 30 young (30720K), 29 survivors (29696K)
 Metaspace       used 112705K, committed 113536K, reserved 1146880K
  class space    used 15479K, committed 15872K, reserved 1048576K
}
Event: 30.868 GC heap after
{Heap after GC invocations=61 (full 0):
 garbage-first heap   total 444416K, used 148743K [0x0000000080000000, 0x0000000100000000)
  region size 1024K, 4 young (4096K), 4 survivors (4096K)
 Metaspace       used 112705K, committed 113536K, reserved 1146880K
  class space    used 15479K, committed 15872K, reserved 1048576K
}
Event: 32.513 GC heap before
{Heap before GC invocations=61 (full 0):
 garbage-first heap   total 444416K, used 314631K [0x0000000080000000, 0x0000000100000000)
  region size 1024K, 166 young (169984K), 4 survivors (4096K)
 Metaspace       used 115071K, committed 115840K, reserved 1155072K
  class space    used 15745K, committed 16128K, reserved 1048576K
}
Event: 32.554 GC heap after
{Heap after GC invocations=62 (full 0):
 garbage-first heap   total 444416K, used 151966K [0x0000000080000000, 0x0000000100000000)
  region size 1024K, 8 young (8192K), 8 survivors (8192K)
 Metaspace       used 115071K, committed 115840K, reserved 1155072K
  class space    used 15745K, committed 16128K, reserved 1048576K
}
Event: 34.289 GC heap before
{Heap before GC invocations=62 (full 0):
 garbage-first heap   total 444416K, used 329118K [0x0000000080000000, 0x0000000100000000)
  region size 1024K, 181 young (185344K), 8 survivors (8192K)
 Metaspace       used 115992K, committed 116736K, reserved 1155072K
  class space    used 15800K, committed 16192K, reserved 1048576K
}
Event: 34.410 GC heap after
{Heap after GC invocations=63 (full 0):
 garbage-first heap   total 444416K, used 153333K [0x0000000080000000, 0x0000000100000000)
  region size 1024K, 9 young (9216K), 9 survivors (9216K)
 Metaspace       used 115992K, committed 116736K, reserved 1155072K
  class space    used 15800K, committed 16192K, reserved 1048576K
}
Event: 35.992 GC heap before
{Heap before GC invocations=63 (full 0):
 garbage-first heap   total 444416K, used 334581K [0x0000000080000000, 0x0000000100000000)
  region size 1024K, 186 young (190464K), 9 survivors (9216K)
 Metaspace       used 116906K, committed 117696K, reserved 1155072K
  class space    used 15890K, committed 16256K, reserved 1048576K
}
Event: 36.024 GC heap after
{Heap after GC invocations=64 (full 0):
 garbage-first heap   total 444416K, used 155847K [0x0000000080000000, 0x0000000100000000)
  region size 1024K, 11 young (11264K), 11 survivors (11264K)
 Metaspace       used 116906K, committed 117696K, reserved 1155072K
  class space    used 15890K, committed 16256K, reserved 1048576K
}
Event: 37.270 GC heap before
{Heap before GC invocations=64 (full 0):
 garbage-first heap   total 444416K, used 355527K [0x0000000080000000, 0x0000000100000000)
  region size 1024K, 207 young (211968K), 11 survivors (11264K)
 Metaspace       used 117177K, committed 117888K, reserved 1155072K
  class space    used 15916K, committed 16256K, reserved 1048576K
}
Event: 37.326 GC heap after
{Heap after GC invocations=65 (full 0):
 garbage-first heap   total 444416K, used 158691K [0x0000000080000000, 0x0000000100000000)
  region size 1024K, 14 young (14336K), 14 survivors (14336K)
 Metaspace       used 117177K, committed 117888K, reserved 1155072K
  class space    used 15916K, committed 16256K, reserved 1048576K
}
Event: 38.519 GC heap before
{Heap before GC invocations=65 (full 0):
 garbage-first heap   total 444416K, used 361443K [0x0000000080000000, 0x0000000100000000)
  region size 1024K, 213 young (218112K), 14 survivors (14336K)
 Metaspace       used 117337K, committed 118144K, reserved 1155072K
  class space    used 15924K, committed 16320K, reserved 1048576K
}

