# JRE version: OpenJDK Runtime Environment (17.0.6) (build 17.0.6+0-b2043.56-10027231)
# Java VM: OpenJDK 64-Bit Server VM (17.0.6+0-b2043.56-10027231, mixed mode, tiered, compressed oops, compressed class ptrs, g1 gc, windows-amd64)
GC Precious Log:
 CPUs: 8 total, 8 available
 Memory: 3446M
 Large Page Support: Disabled
 NUMA Support: Disabled
 Compressed Oops: Enabled (32-bit)
 Heap Region Size: 1M
 Heap Min Capacity: 8M
 Heap Initial Capacity: 54M
 Heap Max Capacity: 2G
 Pre-touch: Disabled
 Parallel Workers: 8
 Concurrent Workers: 2
 Concurrent Refinement Workers: 8
 Periodic GC: Disabled
Heap:
 garbage-first heap   total 358400K, used 163535K [0x0000000080000000, 0x0000000100000000)
  region size 1024K, 10 young (10240K), 10 survivors (10240K)
 Metaspace       used 117982K, committed 118784K, reserved 1155072K
  class space    used 15942K, committed 16320K, reserved 1048576K
GC Heap History (20 events):
Event: 30.751 GC heap after
{Heap after GC invocations=57 (full 0):
 garbage-first heap   total 160768K, used 86892K [0x0000000080000000, 0x0000000100000000)
  region size 1024K, 4 young (4096K), 4 survivors (4096K)
 Metaspace       used 94216K, committed 94848K, reserved 1138688K
  class space    used 12703K, committed 12992K, reserved 1048576K
}
Event: 30.780 GC heap before
{Heap before GC invocations=57 (full 0):
 garbage-first heap   total 160768K, used 88940K [0x0000000080000000, 0x0000000100000000)
  region size 1024K, 7 young (7168K), 4 survivors (4096K)
 Metaspace       used 94235K, committed 94848K, reserved 1138688K
  class space    used 12703K, committed 12992K, reserved 1048576K
}
Event: 30.793 GC heap after
{Heap after GC invocations=58 (full 0):
 garbage-first heap   total 160768K, used 86940K [0x0000000080000000, 0x0000000100000000)
  region size 1024K, 1 young (1024K), 1 survivors (1024K)
 Metaspace       used 94235K, committed 94848K, reserved 1138688K
  class space    used 12703K, committed 12992K, reserved 1048576K
}
Event: 31.889 GC heap before
{Heap before GC invocations=58 (full 0):
 garbage-first heap   total 160768K, used 129948K [0x0000000080000000, 0x0000000100000000)
  region size 1024K, 44 young (45056K), 1 survivors (1024K)
 Metaspace       used 96502K, committed 97216K, reserved 1138688K
  class space    used 12959K, committed 13312K, reserved 1048576K
}
Event: 31.895 GC heap after
{Heap after GC invocations=59 (full 0):
 garbage-first heap   total 160768K, used 88657K [0x0000000080000000, 0x0000000100000000)
  region size 1024K, 3 young (3072K), 3 survivors (3072K)
 Metaspace       used 96502K, committed 97216K, reserved 1138688K
  class space    used 12959K, committed 13312K, reserved 1048576K
}
Event: 68.523 GC heap before
{Heap before GC invocations=59 (full 0):
 garbage-first heap   total 160768K, used 130641K [0x0000000080000000, 0x0000000100000000)
  region size 1024K, 45 young (46080K), 3 survivors (3072K)
 Metaspace       used 99255K, committed 99968K, reserved 1138688K
  class space    used 13139K, committed 13504K, reserved 1048576K
}
Event: 68.632 GC heap after
{Heap after GC invocations=60 (full 0):
 garbage-first heap   total 160768K, used 91665K [0x0000000080000000, 0x0000000100000000)
  region size 1024K, 6 young (6144K), 6 survivors (6144K)
 Metaspace       used 99255K, committed 99968K, reserved 1138688K
  class space    used 13139K, committed 13504K, reserved 1048576K
}
Event: 70.782 GC heap before
{Heap before GC invocations=60 (full 0):
 garbage-first heap   total 160768K, used 132625K [0x0000000080000000, 0x0000000100000000)
  region size 1024K, 46 young (47104K), 6 survivors (6144K)
 Metaspace       used 102156K, committed 102912K, reserved 1138688K
  class space    used 13467K, committed 13824K, reserved 1048576K
}
Event: 70.843 GC heap after
{Heap after GC invocations=61 (full 0):
 garbage-first heap   total 160768K, used 96173K [0x0000000080000000, 0x0000000100000000)
  region size 1024K, 6 young (6144K), 6 survivors (6144K)
 Metaspace       used 102156K, committed 102912K, reserved 1138688K
  class space    used 13467K, committed 13824K, reserved 1048576K
}
Event: 72.985 GC heap before
{Heap before GC invocations=62 (full 0):
 garbage-first heap   total 179200K, used 130989K [0x0000000080000000, 0x0000000100000000)
  region size 1024K, 41 young (41984K), 6 survivors (6144K)
 Metaspace       used 102716K, committed 103424K, reserved 1146880K
  class space    used 13532K, committed 13888K, reserved 1048576K
}
Event: 73.041 GC heap after
{Heap after GC invocations=63 (full 0):
 garbage-first heap   total 179200K, used 100625K [0x0000000080000000, 0x0000000100000000)
  region size 1024K, 5 young (5120K), 5 survivors (5120K)
 Metaspace       used 102716K, committed 103424K, reserved 1146880K
  class space    used 13532K, committed 13888K, reserved 1048576K
}
Event: 73.089 GC heap before
{Heap before GC invocations=63 (full 0):
 garbage-first heap   total 179200K, used 103697K [0x0000000080000000, 0x0000000100000000)
  region size 1024K, 8 young (8192K), 5 survivors (5120K)
 Metaspace       used 102834K, committed 103552K, reserved 1146880K
  class space    used 13547K, committed 13888K, reserved 1048576K
}
Event: 73.113 GC heap after
{Heap after GC invocations=64 (full 0):
 garbage-first heap   total 358400K, used 100808K [0x0000000080000000, 0x0000000100000000)
  region size 1024K, 1 young (1024K), 1 survivors (1024K)
 Metaspace       used 102834K, committed 103552K, reserved 1146880K
  class space    used 13547K, committed 13888K, reserved 1048576K
}
Event: 75.662 GC heap before
{Heap before GC invocations=64 (full 0):
 garbage-first heap   total 358400K, used 254408K [0x0000000080000000, 0x0000000100000000)
  region size 1024K, 152 young (155648K), 1 survivors (1024K)
 Metaspace       used 110887K, committed 111616K, reserved 1146880K
  class space    used 14738K, committed 15104K, reserved 1048576K
}
Event: 75.917 GC heap after
{Heap after GC invocations=65 (full 0):
 garbage-first heap   total 358400K, used 127410K [0x0000000080000000, 0x0000000100000000)
  region size 1024K, 19 young (19456K), 19 survivors (19456K)
 Metaspace       used 110887K, committed 111616K, reserved 1146880K
  class space    used 14738K, committed 15104K, reserved 1048576K
}
Event: 77.028 GC heap before
{Heap before GC invocations=65 (full 0):
 garbage-first heap   total 358400K, used 227762K [0x0000000080000000, 0x0000000100000000)
  region size 1024K, 118 young (120832K), 19 survivors (19456K)
 Metaspace       used 113925K, committed 114688K, reserved 1155072K
  class space    used 15252K, committed 15616K, reserved 1048576K
}
Event: 77.224 GC heap after
{Heap after GC invocations=66 (full 0):
 garbage-first heap   total 358400K, used 143687K [0x0000000080000000, 0x0000000100000000)
  region size 1024K, 15 young (15360K), 15 survivors (15360K)
 Metaspace       used 113925K, committed 114688K, reserved 1155072K
  class space    used 15252K, committed 15616K, reserved 1048576K
}
Event: 77.658 GC heap before
{Heap before GC invocations=66 (full 0):
 garbage-first heap   total 358400K, used 195911K [0x0000000080000000, 0x0000000100000000)
  region size 1024K, 66 young (67584K), 15 survivors (15360K)
 Metaspace       used 114684K, committed 115392K, reserved 1155072K
  class space    used 15385K, committed 15744K, reserved 1048576K
}
Event: 77.814 GC heap after
{Heap after GC invocations=67 (full 0):
 garbage-first heap   total 358400K, used 153600K [0x0000000080000000, 0x0000000100000000)
  region size 1024K, 9 young (9216K), 9 survivors (9216K)
 Metaspace       used 114684K, committed 115392K, reserved 1155072K
  class space    used 15385K, committed 15744K, reserved 1048576K
}
Event: 79.244 GC heap before
{Heap before GC invocations=67 (full 0):
 garbage-first heap   total 358400K, used 231424K [0x0000000080000000, 0x0000000100000000)
  region size 1024K, 86 young (88064K), 9 survivors (9216K)
 Metaspace       used 117982K, committed 118784K, reserved 1155072K
  class space    used 15942K, committed 16320K, reserved 1048576K
}

